<?xml version="1.0" encoding="UTF-8"?>
<testsuite xmlns:xsi="http://www.w3.org/2001/XMLSchema-instance" xsi:noNamespaceSchemaLocation="https://maven.apache.org/surefire/maven-surefire-plugin/xsd/surefire-test-report.xsd" version="3.0.2" name="com.mx.marketplace.care.profiles.ProfilesApplicationTests" time="38.529" tests="1" errors="0" skipped="0" failures="0">
  <properties>
[...]
</properties>
  <testcase name="contextLoads" classname="com.mx.marketplace.care.profiles.ProfilesApplicationTests" time="2.273">
    <system-out><![CDATA[15:56:36.251 [main] INFO org.springframework.test.context.support.AnnotationConfigContextLoaderUtils -- Could not detect default configuration classes for test class [com.mx.marketplace.care.profiles.ProfilesApplicationTests]: ProfilesApplicationTests does not declare any static, non-private, non-final, nested classes annotated with @Configuration.
15:56:36.900 [main] INFO org.springframework.boot.test.context.SpringBootTestContextBootstrapper -- Found @SpringBootConfiguration com.mx.marketplace.care.profiles.ProfilesApplication for test class com.mx.marketplace.care.profiles.ProfilesApplicationTests

  .   ____          _            __ _ _
 /\\ / ___'_ __ _ _(_)_ __  __ _ \ \ \ \
( ( )\___ | '_ | '_| | '_ \/ _` | \ \ \ \
 \\/  ___)| |_)| | | | | || (_| |  ) ) ) )
  '  |____| .__|_| |_|_| |_\__, | / / / /
 =========|_|==============|___/=/_/_/_/

 :: Spring Boot ::       (v3.5.5-SNAPSHOT)

2025-11-02T15:56:39.727-06:00  INFO 27400 --- [           main] c.m.m.c.p.ProfilesApplicationTests       : Starting ProfilesApplicationTests using Java 17.0.16 with PID 27400 (started by User in C:\Users\User\IdeaProjects\profiles)
2025-11-02T15:56:39.739-06:00  INFO 27400 --- [           main] c.m.m.c.p.ProfilesApplicationTests       : No active profile set, falling back to 1 default profile: "default"
2025-11-02T15:56:44.456-06:00  INFO 27400 --- [           main] .s.d.r.c.RepositoryConfigurationDelegate : Bootstrapping Spring Data JPA repositories in DEFAULT mode.
2025-11-02T15:56:45.150-06:00  INFO 27400 --- [           main] .s.d.r.c.RepositoryConfigurationDelegate : Finished Spring Data repository scanning in 550 ms. Found 1 JPA repository interface.
2025-11-02T15:56:48.111-06:00  INFO 27400 --- [           main] o.hibernate.jpa.internal.util.LogHelper  : HHH000204: Processing PersistenceUnitInfo [name: default]
2025-11-02T15:56:48.521-06:00  INFO 27400 --- [           main] org.hibernate.Version                    : HHH000412: Hibernate ORM core version 6.6.26.Final
2025-11-02T15:56:48.759-06:00  INFO 27400 --- [           main] o.h.c.internal.RegionFactoryInitiator    : HHH000026: Second-level cache disabled
2025-11-02T15:56:51.130-06:00  INFO 27400 --- [           main] o.s.o.j.p.SpringPersistenceUnitInfo      : No LoadTimeWeaver setup: ignoring JPA class transformer
2025-11-02T15:56:51.399-06:00  INFO 27400 --- [           main] com.zaxxer.hikari.HikariDataSource       : HikariPool-1 - Starting...
2025-11-02T15:56:54.028-06:00  INFO 27400 --- [           main] com.zaxxer.hikari.pool.HikariPool        : HikariPool-1 - Added connection org.postgresql.jdbc.PgConnection@11cadb32
2025-11-02T15:56:54.035-06:00  INFO 27400 --- [           main] com.zaxxer.hikari.HikariDataSource       : HikariPool-1 - Start completed.
2025-11-02T15:56:54.308-06:00  WARN 27400 --- [           main] org.hibernate.orm.deprecation            : HHH90000025: PostgreSQLDialect does not need to be specified explicitly using 'hibernate.dialect' (remove the property setting and it will be selected by default)
2025-11-02T15:56:54.630-06:00  INFO 27400 --- [           main] org.hibernate.orm.connections.pooling    : HHH10001005: Database info:
	Database JDBC URL [Connecting through datasource 'HikariDataSource (HikariPool-1)']
	Database driver: undefined/unknown
	Database version: 17.6
	Autocommit mode: undefined/unknown
	Isolation level: undefined/unknown
	Minimum pool size: undefined/unknown
	Maximum pool size: undefined/unknown
2025-11-02T15:56:59.975-06:00  INFO 27400 --- [           main] o.h.e.t.j.p.i.JtaPlatformInitiator       : HHH000489: No JTA platform available (set 'hibernate.transaction.jta.platform' to enable JTA platform integration)
2025-11-02T15:57:04.479-06:00  INFO 27400 --- [           main] j.LocalContainerEntityManagerFactoryBean : Initialized JPA EntityManagerFactory for persistence unit 'default'
2025-11-02T15:57:06.985-06:00  WARN 27400 --- [           main] JpaBaseConfiguration$JpaWebConfiguration : spring.jpa.open-in-view is enabled by default. Therefore, database queries may be performed during view rendering. Explicitly configure spring.jpa.open-in-view to disable this warning
2025-11-02T15:57:07.308-06:00  INFO 27400 --- [           main] r$InitializeUserDetailsManagerConfigurer : Global AuthenticationManager configured with UserDetailsService bean with name customUserDetailsService
2025-11-02T15:57:11.499-06:00  INFO 27400 --- [           main] c.m.m.c.p.ProfilesApplicationTests       : Started ProfilesApplicationTests in 33.709 seconds (process running for 39.218)
]]></system-out>
  </testcase>
</testsuite>